--------------- Build Started: 01/22/2018 11:22:05 Project: ADC_Filter_USB, Configuration: ARM GCC 5.4-2016-q2-update Debug ---------------
cydsfit.exe -.appdatapath "C:\Users\kuan0\AppData\Local\Cypress Semiconductor\PSoC Creator\4.1" -.fdsnotice -.fdswarpdepfile=warp_dependencies.txt -.fdselabdepfile=elab_dependencies.txt -.fdsbldfile=generated_files.txt -.fdsreffile=referenced_files.txt -p "D:\Shogun Files\PSoC_project\CE95277 ADC and UART\ADC_Filter_USB.cydsn\ADC_Filter_USB.cyprj" -d CY8C5888LTI-LP097 -s "D:\Shogun Files\PSoC_project\CE95277 ADC and UART\ADC_Filter_USB.cydsn\Generated_Source\PSoC5" -- -yv2 -q10 -ygs -o2 -v3 -.fftcfgtype=LE
Elaborating Design...
HDL Generation...
Synthesis...
Tech Mapping...
Analog Placement...
Info: apr.M0002: Analog signal "\ADC_DelSig_1:Net_35\" is connected to one terminal only. (App=cydsfit)
Analog Routing...
Analog Code Generation...
Digital Placement...
Digital Routing...
Bitstream Generation...
Bitstream Verification...
Static timing analysis...
API Generation...
Dependency Generation...
Cleanup...
arm-none-eabi-gcc.exe -c main.c -o .\ARM_GCC_541\Debug\main.o -mcpu=cortex-m3 -mthumb -I. -IGenerated_Source\PSoC5 -Wa,-alh=.\ARM_GCC_541\Debug/main.lst -g -ffunction-sections -ffat-lto-objects -O0
arm-none-eabi-gcc.exe -c Generated_Source\PSoC5\cyfitter_cfg.c -o .\ARM_GCC_541\Debug\cyfitter_cfg.o -mcpu=cortex-m3 -mthumb -I. -IGenerated_Source\PSoC5 -Wa,-alh=.\ARM_GCC_541\Debug/cyfitter_cfg.lst -g -ffunction-sections -ffat-lto-objects -O0
arm-none-eabi-gcc.exe -c Generated_Source\PSoC5\ADC_DelSig_1.c -o .\ARM_GCC_541\Debug\ADC_DelSig_1.o -mcpu=cortex-m3 -mthumb -I. -IGenerated_Source\PSoC5 -Wa,-alh=.\ARM_GCC_541\Debug/ADC_DelSig_1.lst -g -ffunction-sections -ffat-lto-objects -O0
arm-none-eabi-gcc.exe -c Generated_Source\PSoC5\ADC_DelSig_1_PM.c -o .\ARM_GCC_541\Debug\ADC_DelSig_1_PM.o -mcpu=cortex-m3 -mthumb -I. -IGenerated_Source\PSoC5 -Wa,-alh=.\ARM_GCC_541\Debug/ADC_DelSig_1_PM.lst -g -ffunction-sections -ffat-lto-objects -O0
arm-none-eabi-gcc.exe -c Generated_Source\PSoC5\ADC_DelSig_1_INT.c -o .\ARM_GCC_541\Debug\ADC_DelSig_1_INT.o -mcpu=cortex-m3 -mthumb -I. -IGenerated_Source\PSoC5 -Wa,-alh=.\ARM_GCC_541\Debug/ADC_DelSig_1_INT.lst -g -ffunction-sections -ffat-lto-objects -O0
arm-none-eabi-gcc.exe -c Generated_Source\PSoC5\Vin.c -o .\ARM_GCC_541\Debug\Vin.o -mcpu=cortex-m3 -mthumb -I. -IGenerated_Source\PSoC5 -Wa,-alh=.\ARM_GCC_541\Debug/Vin.lst -g -ffunction-sections -ffat-lto-objects -O0
arm-none-eabi-gcc.exe -c Generated_Source\PSoC5\UART_1.c -o .\ARM_GCC_541\Debug\UART_1.o -mcpu=cortex-m3 -mthumb -I. -IGenerated_Source\PSoC5 -Wa,-alh=.\ARM_GCC_541\Debug/UART_1.lst -g -ffunction-sections -ffat-lto-objects -O0
arm-none-eabi-gcc.exe -c Generated_Source\PSoC5\UART_1_PM.c -o .\ARM_GCC_541\Debug\UART_1_PM.o -mcpu=cortex-m3 -mthumb -I. -IGenerated_Source\PSoC5 -Wa,-alh=.\ARM_GCC_541\Debug/UART_1_PM.lst -g -ffunction-sections -ffat-lto-objects -O0
arm-none-eabi-gcc.exe -c Generated_Source\PSoC5\UART_1_INT.c -o .\ARM_GCC_541\Debug\UART_1_INT.o -mcpu=cortex-m3 -mthumb -I. -IGenerated_Source\PSoC5 -Wa,-alh=.\ARM_GCC_541\Debug/UART_1_INT.lst -g -ffunction-sections -ffat-lto-objects -O0
arm-none-eabi-gcc.exe -c Generated_Source\PSoC5\UART_1_BOOT.c -o .\ARM_GCC_541\Debug\UART_1_BOOT.o -mcpu=cortex-m3 -mthumb -I. -IGenerated_Source\PSoC5 -Wa,-alh=.\ARM_GCC_541\Debug/UART_1_BOOT.lst -g -ffunction-sections -ffat-lto-objects -O0
arm-none-eabi-gcc.exe -c Generated_Source\PSoC5\ADC_DelSig_1_AMux.c -o .\ARM_GCC_541\Debug\ADC_DelSig_1_AMux.o -mcpu=cortex-m3 -mthumb -I. -IGenerated_Source\PSoC5 -Wa,-alh=.\ARM_GCC_541\Debug/ADC_DelSig_1_AMux.lst -g -ffunction-sections -ffat-lto-objects -O0
arm-none-eabi-gcc.exe -c Generated_Source\PSoC5\ADC_DelSig_1_Ext_CP_Clk.c -o .\ARM_GCC_541\Debug\ADC_DelSig_1_Ext_CP_Clk.o -mcpu=cortex-m3 -mthumb -I. -IGenerated_Source\PSoC5 -Wa,-alh=.\ARM_GCC_541\Debug/ADC_DelSig_1_Ext_CP_Clk.lst -g -ffunction-sections -ffat-lto-objects -O0
arm-none-eabi-gcc.exe -c Generated_Source\PSoC5\ADC_DelSig_1_IRQ.c -o .\ARM_GCC_541\Debug\ADC_DelSig_1_IRQ.o -mcpu=cortex-m3 -mthumb -I. -IGenerated_Source\PSoC5 -Wa,-alh=.\ARM_GCC_541\Debug/ADC_DelSig_1_IRQ.lst -g -ffunction-sections -ffat-lto-objects -O0
arm-none-eabi-gcc.exe -c Generated_Source\PSoC5\ADC_DelSig_1_theACLK.c -o .\ARM_GCC_541\Debug\ADC_DelSig_1_theACLK.o -mcpu=cortex-m3 -mthumb -I. -IGenerated_Source\PSoC5 -Wa,-alh=.\ARM_GCC_541\Debug/ADC_DelSig_1_theACLK.lst -g -ffunction-sections -ffat-lto-objects -O0
arm-none-eabi-gcc.exe -c Generated_Source\PSoC5\UART_1_IntClock.c -o .\ARM_GCC_541\Debug\UART_1_IntClock.o -mcpu=cortex-m3 -mthumb -I. -IGenerated_Source\PSoC5 -Wa,-alh=.\ARM_GCC_541\Debug/UART_1_IntClock.lst -g -ffunction-sections -ffat-lto-objects -O0
arm-none-eabi-gcc.exe -c Generated_Source\PSoC5\Cm3Start.c -o .\ARM_GCC_541\Debug\Cm3Start.o -mcpu=cortex-m3 -mthumb -I. -IGenerated_Source\PSoC5 -Wa,-alh=.\ARM_GCC_541\Debug/Cm3Start.lst -g -ffunction-sections -ffat-lto-objects -O0
arm-none-eabi-gcc.exe -c Generated_Source\PSoC5\CyDmac.c -o .\ARM_GCC_541\Debug\CyDmac.o -mcpu=cortex-m3 -mthumb -I. -IGenerated_Source\PSoC5 -Wa,-alh=.\ARM_GCC_541\Debug/CyDmac.lst -g -ffunction-sections -ffat-lto-objects -O0
arm-none-eabi-gcc.exe -c Generated_Source\PSoC5\CyFlash.c -o .\ARM_GCC_541\Debug\CyFlash.o -mcpu=cortex-m3 -mthumb -I. -IGenerated_Source\PSoC5 -Wa,-alh=.\ARM_GCC_541\Debug/CyFlash.lst -g -ffunction-sections -ffat-lto-objects -O0
arm-none-eabi-gcc.exe -c Generated_Source\PSoC5\CyLib.c -o .\ARM_GCC_541\Debug\CyLib.o -mcpu=cortex-m3 -mthumb -I. -IGenerated_Source\PSoC5 -Wa,-alh=.\ARM_GCC_541\Debug/CyLib.lst -g -ffunction-sections -ffat-lto-objects -O0
arm-none-eabi-gcc.exe -c Generated_Source\PSoC5\cyPm.c -o .\ARM_GCC_541\Debug\cyPm.o -mcpu=cortex-m3 -mthumb -I. -IGenerated_Source\PSoC5 -Wa,-alh=.\ARM_GCC_541\Debug/cyPm.lst -g -ffunction-sections -ffat-lto-objects -O0
arm-none-eabi-gcc.exe -c Generated_Source\PSoC5\CySpc.c -o .\ARM_GCC_541\Debug\CySpc.o -mcpu=cortex-m3 -mthumb -I. -IGenerated_Source\PSoC5 -Wa,-alh=.\ARM_GCC_541\Debug/CySpc.lst -g -ffunction-sections -ffat-lto-objects -O0
arm-none-eabi-gcc.exe -c Generated_Source\PSoC5\cyutils.c -o .\ARM_GCC_541\Debug\cyutils.o -mcpu=cortex-m3 -mthumb -I. -IGenerated_Source\PSoC5 -Wa,-alh=.\ARM_GCC_541\Debug/cyutils.lst -g -ffunction-sections -ffat-lto-objects -O0
arm-none-eabi-gcc.exe -c Generated_Source\PSoC5\timer_clock.c -o .\ARM_GCC_541\Debug\timer_clock.o -mcpu=cortex-m3 -mthumb -I. -IGenerated_Source\PSoC5 -Wa,-alh=.\ARM_GCC_541\Debug/timer_clock.lst -g -ffunction-sections -ffat-lto-objects -O0
arm-none-eabi-gcc.exe -c Generated_Source\PSoC5\Timer.c -o .\ARM_GCC_541\Debug\Timer.o -mcpu=cortex-m3 -mthumb -I. -IGenerated_Source\PSoC5 -Wa,-alh=.\ARM_GCC_541\Debug/Timer.lst -g -ffunction-sections -ffat-lto-objects -O0
arm-none-eabi-gcc.exe -c Generated_Source\PSoC5\Timer_PM.c -o .\ARM_GCC_541\Debug\Timer_PM.o -mcpu=cortex-m3 -mthumb -I. -IGenerated_Source\PSoC5 -Wa,-alh=.\ARM_GCC_541\Debug/Timer_PM.lst -g -ffunction-sections -ffat-lto-objects -O0
arm-none-eabi-gcc.exe -c Generated_Source\PSoC5\isr_1.c -o .\ARM_GCC_541\Debug\isr_1.o -mcpu=cortex-m3 -mthumb -I. -IGenerated_Source\PSoC5 -Wa,-alh=.\ARM_GCC_541\Debug/isr_1.lst -g -ffunction-sections -ffat-lto-objects -O0
arm-none-eabi-gcc.exe -c Generated_Source\PSoC5\isr_2.c -o .\ARM_GCC_541\Debug\isr_2.o -mcpu=cortex-m3 -mthumb -I. -IGenerated_Source\PSoC5 -Wa,-alh=.\ARM_GCC_541\Debug/isr_2.lst -g -ffunction-sections -ffat-lto-objects -O0
arm-none-eabi-gcc.exe -c Generated_Source\PSoC5\EEPROM.c -o .\ARM_GCC_541\Debug\EEPROM.o -mcpu=cortex-m3 -mthumb -I. -IGenerated_Source\PSoC5 -Wa,-alh=.\ARM_GCC_541\Debug/EEPROM.lst -g -ffunction-sections -ffat-lto-objects -O0
arm-none-eabi-gcc.exe -c Generated_Source\PSoC5\LCD.c -o .\ARM_GCC_541\Debug\LCD.o -mcpu=cortex-m3 -mthumb -I. -IGenerated_Source\PSoC5 -Wa,-alh=.\ARM_GCC_541\Debug/LCD.lst -g -ffunction-sections -ffat-lto-objects -O0
arm-none-eabi-gcc.exe -c Generated_Source\PSoC5\LCD_PM.c -o .\ARM_GCC_541\Debug\LCD_PM.o -mcpu=cortex-m3 -mthumb -I. -IGenerated_Source\PSoC5 -Wa,-alh=.\ARM_GCC_541\Debug/LCD_PM.lst -g -ffunction-sections -ffat-lto-objects -O0
arm-none-eabi-gcc.exe -c Generated_Source\PSoC5\LCD_LCDPort.c -o .\ARM_GCC_541\Debug\LCD_LCDPort.o -mcpu=cortex-m3 -mthumb -I. -IGenerated_Source\PSoC5 -Wa,-alh=.\ARM_GCC_541\Debug/LCD_LCDPort.lst -g -ffunction-sections -ffat-lto-objects -O0
arm-none-eabi-gcc.exe -c Generated_Source\PSoC5\Button.c -o .\ARM_GCC_541\Debug\Button.o -mcpu=cortex-m3 -mthumb -I. -IGenerated_Source\PSoC5 -Wa,-alh=.\ARM_GCC_541\Debug/Button.lst -g -ffunction-sections -ffat-lto-objects -O0
arm-none-eabi-gcc.exe -c Generated_Source\PSoC5\isr_3.c -o .\ARM_GCC_541\Debug\isr_3.o -mcpu=cortex-m3 -mthumb -I. -IGenerated_Source\PSoC5 -Wa,-alh=.\ARM_GCC_541\Debug/isr_3.lst -g -ffunction-sections -ffat-lto-objects -O0
arm-none-eabi-gcc.exe -c Generated_Source\PSoC5\Filter.c -o .\ARM_GCC_541\Debug\Filter.o -mcpu=cortex-m3 -mthumb -I. -IGenerated_Source\PSoC5 -Wa,-alh=.\ARM_GCC_541\Debug/Filter.lst -g -ffunction-sections -ffat-lto-objects -O0
arm-none-eabi-gcc.exe -c Generated_Source\PSoC5\Filter_PM.c -o .\ARM_GCC_541\Debug\Filter_PM.o -mcpu=cortex-m3 -mthumb -I. -IGenerated_Source\PSoC5 -Wa,-alh=.\ARM_GCC_541\Debug/Filter_PM.lst -g -ffunction-sections -ffat-lto-objects -O0
arm-none-eabi-gcc.exe -c Generated_Source\PSoC5\Filter_PVT.c -o .\ARM_GCC_541\Debug\Filter_PVT.o -mcpu=cortex-m3 -mthumb -I. -IGenerated_Source\PSoC5 -Wa,-alh=.\ARM_GCC_541\Debug/Filter_PVT.lst -g -ffunction-sections -ffat-lto-objects -O0
arm-none-eabi-gcc.exe -c Generated_Source\PSoC5\Filter_RAM_Data.c -o .\ARM_GCC_541\Debug\Filter_RAM_Data.o -mcpu=cortex-m3 -mthumb -I. -IGenerated_Source\PSoC5 -Wa,-alh=.\ARM_GCC_541\Debug/Filter_RAM_Data.lst -g -ffunction-sections -ffat-lto-objects -O0
arm-none-eabi-gcc.exe -c Generated_Source\PSoC5\Filter_Coefficients.c -o .\ARM_GCC_541\Debug\Filter_Coefficients.o -mcpu=cortex-m3 -mthumb -I. -IGenerated_Source\PSoC5 -Wa,-alh=.\ARM_GCC_541\Debug/Filter_Coefficients.lst -g -ffunction-sections -ffat-lto-objects -O0
arm-none-eabi-gcc.exe -c Generated_Source\PSoC5\DMA_dma.c -o .\ARM_GCC_541\Debug\DMA_dma.o -mcpu=cortex-m3 -mthumb -I. -IGenerated_Source\PSoC5 -Wa,-alh=.\ARM_GCC_541\Debug/DMA_dma.lst -g -ffunction-sections -ffat-lto-objects -O0
arm-none-eabi-gcc.exe -c Generated_Source\PSoC5\isr_UART.c -o .\ARM_GCC_541\Debug\isr_UART.o -mcpu=cortex-m3 -mthumb -I. -IGenerated_Source\PSoC5 -Wa,-alh=.\ARM_GCC_541\Debug/isr_UART.lst -g -ffunction-sections -ffat-lto-objects -O0
arm-none-eabi-ar.exe -rs .\ARM_GCC_541\Debug\ADC_Filter_USB.a .\ARM_GCC_541\Debug\ADC_DelSig_1.o .\ARM_GCC_541\Debug\ADC_DelSig_1_PM.o .\ARM_GCC_541\Debug\ADC_DelSig_1_INT.o .\ARM_GCC_541\Debug\Vin.o .\ARM_GCC_541\Debug\UART_1.o .\ARM_GCC_541\Debug\UART_1_PM.o .\ARM_GCC_541\Debug\UART_1_INT.o .\ARM_GCC_541\Debug\UART_1_BOOT.o .\ARM_GCC_541\Debug\ADC_DelSig_1_AMux.o .\ARM_GCC_541\Debug\ADC_DelSig_1_Ext_CP_Clk.o .\ARM_GCC_541\Debug\ADC_DelSig_1_IRQ.o .\ARM_GCC_541\Debug\ADC_DelSig_1_theACLK.o .\ARM_GCC_541\Debug\UART_1_IntClock.o .\ARM_GCC_541\Debug\CyDmac.o .\ARM_GCC_541\Debug\CyFlash.o .\ARM_GCC_541\Debug\CyLib.o .\ARM_GCC_541\Debug\cyPm.o .\ARM_GCC_541\Debug\CySpc.o .\ARM_GCC_541\Debug\cyutils.o .\ARM_GCC_541\Debug\timer_clock.o .\ARM_GCC_541\Debug\Timer.o .\ARM_GCC_541\Debug\Timer_PM.o .\ARM_GCC_541\Debug\isr_1.o .\ARM_GCC_541\Debug\isr_2.o .\ARM_GCC_541\Debug\EEPROM.o .\ARM_GCC_541\Debug\LCD.o .\ARM_GCC_541\Debug\LCD_PM.o .\ARM_GCC_541\Debug\LCD_LCDPort.o .\ARM_GCC_541\Debug\Button.o .\ARM_GCC_541\Debug\isr_3.o .\ARM_GCC_541\Debug\Filter.o .\ARM_GCC_541\Debug\Filter_PM.o .\ARM_GCC_541\Debug\Filter_PVT.o .\ARM_GCC_541\Debug\Filter_RAM_Data.o .\ARM_GCC_541\Debug\Filter_Coefficients.o .\ARM_GCC_541\Debug\DMA_dma.o .\ARM_GCC_541\Debug\isr_UART.o .\ARM_GCC_541\Debug\CyBootAsmGnu.o
arm-none-eabi-ar.exe: creating .\ARM_GCC_541\Debug\ADC_Filter_USB.a
arm-none-eabi-gcc.exe -Wl,--start-group -o "D:\Shogun Files\PSoC_project\CE95277 ADC and UART\ADC_Filter_USB.cydsn\ARM_GCC_541\Debug\ADC_Filter_USB.elf" .\ARM_GCC_541\Debug\main.o .\ARM_GCC_541\Debug\cyfitter_cfg.o .\ARM_GCC_541\Debug\cymetadata.o .\ARM_GCC_541\Debug\Cm3Start.o .\ARM_GCC_541\Debug\ADC_Filter_USB.a "C:\Program Files (x86)\Cypress\PSoC Creator\4.1\PSoC Creator\psoc\content\cycomponentlibrary\CyComponentLibrary.cylib\CortexM3\ARM_GCC_541\Debug\CyComponentLibrary.a" -mcpu=cortex-m3 -mthumb -L Generated_Source\PSoC5 -Wl,-Map,.\ARM_GCC_541\Debug/ADC_Filter_USB.map -T Generated_Source\PSoC5\cm3gcc.ld -Wl,--gc-sections -g -ffunction-sections -O0 -ffat-lto-objects -Wl,--end-group
cyelftool.exe -C "D:\Shogun Files\PSoC_project\CE95277 ADC and UART\ADC_Filter_USB.cydsn\ARM_GCC_541\Debug\ADC_Filter_USB.elf" --flash_row_size 256 --flash_size 262144 --flash_offset 0x00000000
cyelftool.exe -S "D:\Shogun Files\PSoC_project\CE95277 ADC and UART\ADC_Filter_USB.cydsn\ARM_GCC_541\Debug\ADC_Filter_USB.elf"
Flash used: 40664 of 262144 bytes (15.5%).
SRAM used: 5293 of 65536 bytes (8.1%). Stack: 2048 bytes. Heap: 128 bytes.
--------------- Build Succeeded: 01/22/2018 11:23:25 ---------------
